<?xml version="1.0" encoding="UTF-8"?>
<!-- Generated by org.testng.reporters.JUnitReportReporter -->
<testsuite hostname="Raghavendra" failures="0" tests="2" name="org.rvaidya.DashboardTest.DashboardTest" time="29.613" errors="0" timestamp="2024-10-24T23:18:56 IST" skipped="0">
  <testcase classname="org.rvaidya.DashboardTest.DashboardTest" name="verifyUpgradeButton" time="18.857"/>
  <testcase classname="org.rvaidya.DashboardTest.DashboardTest" name="verifyUserLogoutVisible" time="10.756"/>
</testsuite> <!-- org.rvaidya.DashboardTest.DashboardTest -->
