<?xml version="1.0" encoding="UTF-8"?>
<!-- Generated by org.testng.reporters.JUnitReportReporter -->
<testsuite hostname="Raghavendra" failures="0" tests="2" name="org.rvaidya.LoginTest.LoginTest" time="10.416" errors="0" timestamp="2024-10-24T22:34:37 IST" skipped="0">
  <testcase classname="org.rvaidya.LoginTest.LoginTest" name="testPageTitle" time="5.369"/>
  <testcase classname="org.rvaidya.LoginTest.LoginTest" name="testUsernameFieldIsDisplayed" time="5.047"/>
</testsuite> <!-- org.rvaidya.LoginTest.LoginTest -->
